  [1m[36m (0.1ms)[0m  [1mselect sqlite_version(*)[0m
  [1m[35m (88.4ms)[0m  CREATE TABLE "schema_migrations" ("version" varchar(255) NOT NULL) 
  [1m[36m (0.1ms)[0m  [1mPRAGMA index_list("schema_migrations")[0m
  [1m[35m (23.8ms)[0m  CREATE UNIQUE INDEX "unique_schema_migrations" ON "schema_migrations" ("version")
  [1m[36m (0.1ms)[0m  [1mSELECT "schema_migrations"."version" FROM "schema_migrations" [0m
Migrating to AddShorturlToPolls (20130108101701)
  [1m[35m (0.1ms)[0m  begin transaction
  [1m[36m (1.2ms)[0m  [1mALTER TABLE "polls" ADD "shorturl" varchar(255)[0m
SQLite3::SQLException: no such table: polls: ALTER TABLE "polls" ADD "shorturl" varchar(255)
  [1m[35m (0.1ms)[0m  rollback transaction
  [1m[36m (0.4ms)[0m  [1mselect sqlite_version(*)[0m
  [1m[35m (46.3ms)[0m  CREATE TABLE "active_admin_comments" ("id" INTEGER PRIMARY KEY AUTOINCREMENT NOT NULL, "resource_id" varchar(255) NOT NULL, "resource_type" varchar(255) NOT NULL, "author_id" integer, "author_type" varchar(255), "body" text, "created_at" datetime NOT NULL, "updated_at" datetime NOT NULL, "namespace" varchar(255)) 
  [1m[36m (0.1ms)[0m  [1mPRAGMA index_list("active_admin_comments")[0m
  [1m[35m (20.0ms)[0m  CREATE INDEX "index_active_admin_comments_on_author_type_and_author_id" ON "active_admin_comments" ("author_type", "author_id")
  [1m[36m (0.1ms)[0m  [1mPRAGMA index_list("active_admin_comments")[0m
  [1m[35m (0.0ms)[0m  PRAGMA index_info('index_active_admin_comments_on_author_type_and_author_id')
  [1m[36m (127.8ms)[0m  [1mCREATE INDEX "index_active_admin_comments_on_namespace" ON "active_admin_comments" ("namespace")[0m
  [1m[35m (0.1ms)[0m  PRAGMA index_list("active_admin_comments")
  [1m[36m (0.0ms)[0m  [1mPRAGMA index_info('index_active_admin_comments_on_namespace')[0m
  [1m[35m (0.0ms)[0m  PRAGMA index_info('index_active_admin_comments_on_author_type_and_author_id')
  [1m[36m (20.3ms)[0m  [1mCREATE INDEX "index_admin_notes_on_resource_type_and_resource_id" ON "active_admin_comments" ("resource_type", "resource_id")[0m
  [1m[35m (46.6ms)[0m  CREATE TABLE "admin_users" ("id" INTEGER PRIMARY KEY AUTOINCREMENT NOT NULL, "email" varchar(255) DEFAULT '' NOT NULL, "encrypted_password" varchar(255) DEFAULT '' NOT NULL, "reset_password_token" varchar(255), "reset_password_sent_at" datetime, "remember_created_at" datetime, "sign_in_count" integer DEFAULT 0, "current_sign_in_at" datetime, "last_sign_in_at" datetime, "current_sign_in_ip" varchar(255), "last_sign_in_ip" varchar(255), "created_at" datetime NOT NULL, "updated_at" datetime NOT NULL) 
  [1m[36m (0.1ms)[0m  [1mPRAGMA index_list("admin_users")[0m
  [1m[35m (22.6ms)[0m  CREATE UNIQUE INDEX "index_admin_users_on_email" ON "admin_users" ("email")
  [1m[36m (0.1ms)[0m  [1mPRAGMA index_list("admin_users")[0m
  [1m[35m (0.0ms)[0m  PRAGMA index_info('index_admin_users_on_email')
  [1m[36m (38.4ms)[0m  [1mCREATE UNIQUE INDEX "index_admin_users_on_reset_password_token" ON "admin_users" ("reset_password_token")[0m
  [1m[35m (25.7ms)[0m  CREATE TABLE "answer_possibilities" ("id" INTEGER PRIMARY KEY AUTOINCREMENT NOT NULL, "value" varchar(255), "poll_id" integer, "created_at" datetime NOT NULL, "updated_at" datetime NOT NULL) 
  [1m[36m (28.2ms)[0m  [1mCREATE TABLE "answers" ("id" INTEGER PRIMARY KEY AUTOINCREMENT NOT NULL, "browser" varchar(255), "os" varchar(255), "ip" varchar(255), "answer_possibility_id" integer, "value" varchar(255), "created_at" datetime NOT NULL, "updated_at" datetime NOT NULL, "poll_id" integer, "guid" varchar(255), "comment_id" integer) [0m
  [1m[35m (17.7ms)[0m  CREATE TABLE "categories" ("id" INTEGER PRIMARY KEY AUTOINCREMENT NOT NULL, "name" varchar(255), "created_at" datetime NOT NULL, "updated_at" datetime NOT NULL) 
  [1m[36m (23.5ms)[0m  [1mCREATE TABLE "comments" ("id" INTEGER PRIMARY KEY AUTOINCREMENT NOT NULL, "text" text, "created_at" datetime NOT NULL, "updated_at" datetime NOT NULL, "poll_id" integer) [0m
  [1m[35m (40.1ms)[0m  CREATE TABLE "creators" ("id" INTEGER PRIMARY KEY AUTOINCREMENT NOT NULL, "email" varchar(255) DEFAULT '' NOT NULL, "encrypted_password" varchar(255) DEFAULT '' NOT NULL, "reset_password_token" varchar(255), "reset_password_sent_at" datetime, "remember_created_at" datetime, "sign_in_count" integer DEFAULT 0, "current_sign_in_at" datetime, "last_sign_in_at" datetime, "current_sign_in_ip" varchar(255), "last_sign_in_ip" varchar(255), "created_at" datetime NOT NULL, "updated_at" datetime NOT NULL, "firstname" varchar(255), "lastname" varchar(255)) 
  [1m[36m (0.1ms)[0m  [1mPRAGMA index_list("creators")[0m
  [1m[35m (36.3ms)[0m  CREATE UNIQUE INDEX "index_creators_on_email" ON "creators" ("email")
  [1m[36m (0.1ms)[0m  [1mPRAGMA index_list("creators")[0m
  [1m[35m (0.0ms)[0m  PRAGMA index_info('index_creators_on_email')
  [1m[36m (49.4ms)[0m  [1mCREATE UNIQUE INDEX "index_creators_on_reset_password_token" ON "creators" ("reset_password_token")[0m
  [1m[35m (24.2ms)[0m  CREATE TABLE "poll_creations" ("id" INTEGER PRIMARY KEY AUTOINCREMENT NOT NULL, "poll_type_id" integer, "category_id" integer, "title" varchar(255), "question" varchar(255), "exp_date" date, "chart_type" varchar(255), "created_at" datetime NOT NULL, "updated_at" datetime NOT NULL) 
  [1m[36m (29.9ms)[0m  [1mCREATE TABLE "poll_types" ("id" INTEGER PRIMARY KEY AUTOINCREMENT NOT NULL, "name" varchar(255), "created_at" datetime NOT NULL, "updated_at" datetime NOT NULL) [0m
  [1m[35m (26.1ms)[0m  CREATE TABLE "polls" ("id" INTEGER PRIMARY KEY AUTOINCREMENT NOT NULL, "title" varchar(255), "question" varchar(255), "exp_date" date, "creator_id" integer, "poll_type_id" integer, "created_at" datetime NOT NULL, "updated_at" datetime NOT NULL, "category_id" integer, "chart_type" varchar(255), "start_date" date, "shorturl" varchar(255), "slug" varchar(255)) 
  [1m[36m (0.1ms)[0m  [1mSELECT version FROM "schema_migrations"[0m
  [1m[35m (44.0ms)[0m  INSERT INTO "schema_migrations" (version) VALUES ('2012271084411122')
  [1m[36m (16.2ms)[0m  [1mINSERT INTO "schema_migrations" (version) VALUES ('2012261014125555')[0m
  [1m[35m (27.3ms)[0m  INSERT INTO "schema_migrations" (version) VALUES ('2012271084411117')
  [1m[36m (42.0ms)[0m  [1mINSERT INTO "schema_migrations" (version) VALUES ('2012261014072222')[0m
  [1m[35m (18.2ms)[0m  INSERT INTO "schema_migrations" (version) VALUES ('2012271084411116')
  [1m[36m (31.8ms)[0m  [1mINSERT INTO "schema_migrations" (version) VALUES ('2012261014125558')[0m
  [1m[35m (22.5ms)[0m  INSERT INTO "schema_migrations" (version) VALUES ('2012271084411111')
  [1m[36m (31.5ms)[0m  [1mINSERT INTO "schema_migrations" (version) VALUES ('2012271084411121')[0m
  [1m[35m (49.8ms)[0m  INSERT INTO "schema_migrations" (version) VALUES ('2012261014093333')
  [1m[36m (26.4ms)[0m  [1mINSERT INTO "schema_migrations" (version) VALUES ('2012261014125557')[0m
  [1m[35m (23.8ms)[0m  INSERT INTO "schema_migrations" (version) VALUES ('20130123222510')
  [1m[36m (23.7ms)[0m  [1mINSERT INTO "schema_migrations" (version) VALUES ('2012271084411115')[0m
  [1m[35m (43.2ms)[0m  INSERT INTO "schema_migrations" (version) VALUES ('2012261014125559')
  [1m[36m (32.5ms)[0m  [1mINSERT INTO "schema_migrations" (version) VALUES ('2012271084411119')[0m
  [1m[35m (34.2ms)[0m  INSERT INTO "schema_migrations" (version) VALUES ('2012261014041111')
  [1m[36m (30.5ms)[0m  [1mINSERT INTO "schema_migrations" (version) VALUES ('2012271084411118')[0m
  [1m[35m (26.0ms)[0m  INSERT INTO "schema_migrations" (version) VALUES ('2012261014125556')
  [1m[36m (24.5ms)[0m  [1mINSERT INTO "schema_migrations" (version) VALUES ('2012271084411112')[0m
  [1m[35m (35.1ms)[0m  INSERT INTO "schema_migrations" (version) VALUES ('2012271084411114')
  [1m[36m (35.9ms)[0m  [1mINSERT INTO "schema_migrations" (version) VALUES ('2012271084411120')[0m
  [1m[35m (24.1ms)[0m  INSERT INTO "schema_migrations" (version) VALUES ('20130108101701')
  [1m[36m (31.4ms)[0m  [1mINSERT INTO "schema_migrations" (version) VALUES ('2012271014125559')[0m
  [1m[35m (40.6ms)[0m  INSERT INTO "schema_migrations" (version) VALUES ('2012261014114444')
  [1m[36m (0.1ms)[0m  [1mSELECT "schema_migrations"."version" FROM "schema_migrations" [0m
  [1m[35m (0.1ms)[0m  begin transaction
  [1m[36mSQL (82.7ms)[0m  [1mINSERT INTO "poll_types" ("created_at", "name", "updated_at") VALUES (?, ?, ?)[0m  [["created_at", Wed, 30 Jan 2013 12:57:09 UTC +00:00], ["name", "single choice"], ["updated_at", Wed, 30 Jan 2013 12:57:09 UTC +00:00]]
  [1m[35m (13.4ms)[0m  commit transaction
  [1m[36m (0.1ms)[0m  [1mbegin transaction[0m
  [1m[35mSQL (0.4ms)[0m  INSERT INTO "poll_types" ("created_at", "name", "updated_at") VALUES (?, ?, ?)  [["created_at", Wed, 30 Jan 2013 12:57:09 UTC +00:00], ["name", "multiple choice"], ["updated_at", Wed, 30 Jan 2013 12:57:09 UTC +00:00]]
  [1m[36m (17.5ms)[0m  [1mcommit transaction[0m
  [1m[35m (0.1ms)[0m  begin transaction
  [1m[36mAdminUser Exists (0.2ms)[0m  [1mSELECT 1 FROM "admin_users" WHERE "admin_users"."email" = 'admin@example.com' LIMIT 1[0m
Binary data inserted for `string` type on column `encrypted_password`
  [1m[35mSQL (0.5ms)[0m  INSERT INTO "admin_users" ("created_at", "current_sign_in_at", "current_sign_in_ip", "email", "encrypted_password", "last_sign_in_at", "last_sign_in_ip", "remember_created_at", "reset_password_sent_at", "reset_password_token", "sign_in_count", "updated_at") VALUES (?, ?, ?, ?, ?, ?, ?, ?, ?, ?, ?, ?)  [["created_at", Wed, 30 Jan 2013 12:57:10 UTC +00:00], ["current_sign_in_at", nil], ["current_sign_in_ip", nil], ["email", "admin@example.com"], ["encrypted_password", "$2a$10$xELhFUBgJZE1JR8S0xBHn.spMJcD0jBC6vwwf85DIK0S7JuJKYOj."], ["last_sign_in_at", nil], ["last_sign_in_ip", nil], ["remember_created_at", nil], ["reset_password_sent_at", nil], ["reset_password_token", nil], ["sign_in_count", 0], ["updated_at", Wed, 30 Jan 2013 12:57:10 UTC +00:00]]
  [1m[36m (34.8ms)[0m  [1mcommit transaction[0m
  [1m[35m (0.1ms)[0m  begin transaction
  [1m[36mCreator Exists (0.2ms)[0m  [1mSELECT 1 FROM "creators" WHERE "creators"."email" = 'meier@example.com' LIMIT 1[0m
Binary data inserted for `string` type on column `encrypted_password`
  [1m[35mSQL (0.5ms)[0m  INSERT INTO "creators" ("created_at", "current_sign_in_at", "current_sign_in_ip", "email", "encrypted_password", "firstname", "last_sign_in_at", "last_sign_in_ip", "lastname", "remember_created_at", "reset_password_sent_at", "reset_password_token", "sign_in_count", "updated_at") VALUES (?, ?, ?, ?, ?, ?, ?, ?, ?, ?, ?, ?, ?, ?)  [["created_at", Wed, 30 Jan 2013 12:57:10 UTC +00:00], ["current_sign_in_at", nil], ["current_sign_in_ip", nil], ["email", "meier@example.com"], ["encrypted_password", "$2a$10$v3A06qtrF5YrE4Xo7eHwgepTWxPMYU76XRRjWB28sTgik3eh9dT.a"], ["firstname", nil], ["last_sign_in_at", nil], ["last_sign_in_ip", nil], ["lastname", nil], ["remember_created_at", nil], ["reset_password_sent_at", nil], ["reset_password_token", nil], ["sign_in_count", 0], ["updated_at", Wed, 30 Jan 2013 12:57:10 UTC +00:00]]
  [1m[36m (43.0ms)[0m  [1mcommit transaction[0m
  [1m[35m (0.1ms)[0m  begin transaction
  [1m[36mSQL (0.4ms)[0m  [1mINSERT INTO "categories" ("created_at", "name", "updated_at") VALUES (?, ?, ?)[0m  [["created_at", Wed, 30 Jan 2013 12:57:10 UTC +00:00], ["name", "FH Allgemein"], ["updated_at", Wed, 30 Jan 2013 12:57:10 UTC +00:00]]
  [1m[35m (32.9ms)[0m  commit transaction
  [1m[36m (0.1ms)[0m  [1mbegin transaction[0m
  [1m[35mSQL (0.4ms)[0m  INSERT INTO "categories" ("created_at", "name", "updated_at") VALUES (?, ?, ?)  [["created_at", Wed, 30 Jan 2013 12:57:10 UTC +00:00], ["name", "Sonstiges"], ["updated_at", Wed, 30 Jan 2013 12:57:10 UTC +00:00]]
  [1m[36m (18.8ms)[0m  [1mcommit transaction[0m


Started GET "/" for 127.0.0.1 at 2013-01-30 13:58:09 +0100
Processing by HomeController#index as HTML
  Rendered home/index.html.haml within layouts/application (15.0ms)
Compiled bootstrap.css  (12783ms)  (pid 7013)
Compiled formtastic-plus-bootstrap.css  (2607ms)  (pid 7013)
Compiled formtastic.css  (15766ms)  (pid 7013)
WARNING on line 41 of /home/user/work/dev_votingsystem/app/assets/stylesheets/poll.css.sass:
This selector doesn't have any properties and will not be rendered.
WARNING on line 149 of /home/user/work/dev_votingsystem/app/assets/stylesheets/poll.css.sass:
This selector doesn't have any properties and will not be rendered.
Compiled application.css  (34114ms)  (pid 7013)
Compiled jquery.js  (4ms)  (pid 7013)
Compiled jquery_ujs.js  (0ms)  (pid 7013)
Compiled desktop/application.js  (3ms)  (pid 7013)
Compiled application.js  (164ms)  (pid 7013)
  Rendered layouts/_desktop.html.haml (34739.8ms)
Completed 200 OK in 35032ms (Views: 35031.9ms | ActiveRecord: 0.0ms)


Started GET "/assets/application.css?body=1" for 127.0.0.1 at 2013-01-30 13:58:45 +0100
Served asset /application.css - 200 OK (82ms)


Started GET "/assets/jquery.js?body=1" for 127.0.0.1 at 2013-01-30 13:58:45 +0100
Served asset /jquery.js - 200 OK (15ms)


Started GET "/assets/jquery_ujs.js?body=1" for 127.0.0.1 at 2013-01-30 13:58:45 +0100
Served asset /jquery_ujs.js - 200 OK (17ms)


Started GET "/assets/Logo.png" for 127.0.0.1 at 2013-01-30 13:58:45 +0100
Served asset /Logo.png - 200 OK (70ms)


Started GET "/assets/application.js?body=1" for 127.0.0.1 at 2013-01-30 13:58:45 +0100
Served asset /application.js - 200 OK (68ms)


Started GET "/assets/desktop/application.js?body=1" for 127.0.0.1 at 2013-01-30 13:58:45 +0100
Served asset /desktop/application.js - 200 OK (111ms)


Started GET "/assets/man_grey.png" for 127.0.0.1 at 2013-01-30 13:58:45 +0100
Served asset /man_grey.png - 200 OK (5ms)


Started GET "/assets/man_black.png" for 127.0.0.1 at 2013-01-30 13:58:45 +0100
Served asset /man_black.png - 200 OK (4ms)


Started GET "/assets/subtle_stripes.png" for 127.0.0.1 at 2013-01-30 13:58:46 +0100
Served asset /subtle_stripes.png - 200 OK (20ms)


Started GET "/assets/white.png" for 127.0.0.1 at 2013-01-30 13:58:46 +0100
Served asset /white.png - 200 OK (9ms)


Started GET "/polls" for 127.0.0.1 at 2013-01-30 14:05:10 +0100
Processing by PollsController#index as HTML
Completed 401 Unauthorized in 1ms


Started GET "/creators/sign_in" for 127.0.0.1 at 2013-01-30 14:05:10 +0100
Processing by Devise::SessionsController#new as HTML
  Rendered devise/shared/_links.haml (3.7ms)
  Rendered devise/sessions/new.html.haml within layouts/application (15.9ms)
  Rendered layouts/_desktop.html.haml (5.3ms)
Completed 200 OK in 63ms (Views: 26.5ms | ActiveRecord: 0.7ms)


Started GET "/assets/application.css?body=1" for 127.0.0.1 at 2013-01-30 14:05:10 +0100
Served asset /application.css - 304 Not Modified (1ms)


Started GET "/assets/jquery.js?body=1" for 127.0.0.1 at 2013-01-30 14:05:10 +0100
Served asset /jquery.js - 304 Not Modified (6ms)


Started GET "/assets/desktop/application.js?body=1" for 127.0.0.1 at 2013-01-30 14:05:11 +0100
Served asset /desktop/application.js - 304 Not Modified (1ms)


Started GET "/assets/jquery_ujs.js?body=1" for 127.0.0.1 at 2013-01-30 14:05:11 +0100
Served asset /jquery_ujs.js - 304 Not Modified (0ms)


Started GET "/assets/application.js?body=1" for 127.0.0.1 at 2013-01-30 14:05:11 +0100
Served asset /application.js - 304 Not Modified (5ms)


Started GET "/assets/subtle_stripes.png" for 127.0.0.1 at 2013-01-30 14:05:11 +0100
Served asset /subtle_stripes.png - 304 Not Modified (0ms)


Started GET "/assets/Logo.png" for 127.0.0.1 at 2013-01-30 14:05:11 +0100
Served asset /Logo.png - 304 Not Modified (0ms)


Started GET "/assets/white.png" for 127.0.0.1 at 2013-01-30 14:05:11 +0100
Served asset /white.png - 304 Not Modified (0ms)


Started GET "/polls" for 127.0.0.1 at 2013-01-30 14:05:13 +0100
Processing by PollsController#index as HTML
Completed 401 Unauthorized in 0ms


Started GET "/creators/sign_in" for 127.0.0.1 at 2013-01-30 14:05:13 +0100
Processing by Devise::SessionsController#new as HTML
  Rendered devise/shared/_links.haml (0.8ms)
  Rendered devise/sessions/new.html.haml within layouts/application (6.1ms)
  Rendered layouts/_desktop.html.haml (5.7ms)
Completed 200 OK in 20ms (Views: 19.4ms | ActiveRecord: 0.0ms)


Started GET "/assets/application.css?body=1" for 127.0.0.1 at 2013-01-30 14:05:13 +0100
Served asset /application.css - 304 Not Modified (4ms)


Started GET "/assets/jquery.js?body=1" for 127.0.0.1 at 2013-01-30 14:05:13 +0100
Served asset /jquery.js - 304 Not Modified (6ms)


Started GET "/assets/desktop/application.js?body=1" for 127.0.0.1 at 2013-01-30 14:05:13 +0100
Served asset /desktop/application.js - 304 Not Modified (5ms)


Started GET "/assets/application.js?body=1" for 127.0.0.1 at 2013-01-30 14:05:13 +0100
Served asset /application.js - 304 Not Modified (1ms)


Started GET "/assets/jquery_ujs.js?body=1" for 127.0.0.1 at 2013-01-30 14:05:13 +0100
Served asset /jquery_ujs.js - 304 Not Modified (0ms)


Started GET "/assets/subtle_stripes.png" for 127.0.0.1 at 2013-01-30 14:05:13 +0100
Served asset /subtle_stripes.png - 304 Not Modified (0ms)


Started GET "/assets/Logo.png" for 127.0.0.1 at 2013-01-30 14:05:13 +0100
Served asset /Logo.png - 304 Not Modified (0ms)


Started GET "/assets/white.png" for 127.0.0.1 at 2013-01-30 14:05:13 +0100
Served asset /white.png - 304 Not Modified (0ms)


Started GET "/" for 127.0.0.1 at 2013-01-30 15:10:01 +0100
Processing by HomeController#index as HTML
  Rendered home/index.html.haml within layouts/application (1.5ms)
  Rendered layouts/_desktop.html.haml (21.4ms)
Completed 200 OK in 38ms (Views: 38.0ms | ActiveRecord: 0.0ms)


Started GET "/assets/application.css?body=1" for 127.0.0.1 at 2013-01-30 15:10:02 +0100
Served asset /application.css - 304 Not Modified (269ms)


Started GET "/assets/application.js?body=1" for 127.0.0.1 at 2013-01-30 15:10:02 +0100
Served asset /application.js - 304 Not Modified (522ms)


Started GET "/assets/desktop/application.js?body=1" for 127.0.0.1 at 2013-01-30 15:10:03 +0100
Served asset /desktop/application.js - 304 Not Modified (1ms)


Started GET "/assets/jquery_ujs.js?body=1" for 127.0.0.1 at 2013-01-30 15:10:03 +0100
Served asset /jquery_ujs.js - 304 Not Modified (0ms)


Started GET "/assets/jquery.js?body=1" for 127.0.0.1 at 2013-01-30 15:10:03 +0100
Served asset /jquery.js - 304 Not Modified (0ms)


Started GET "/assets/subtle_stripes.png" for 127.0.0.1 at 2013-01-30 15:10:03 +0100
Served asset /subtle_stripes.png - 304 Not Modified (0ms)


Started GET "/assets/white.png" for 127.0.0.1 at 2013-01-30 15:10:03 +0100
Served asset /white.png - 304 Not Modified (0ms)


Started GET "/assets/man_black.png" for 127.0.0.1 at 2013-01-30 15:10:04 +0100
Served asset /man_black.png - 304 Not Modified (0ms)


Started GET "/assets/man_grey.png" for 127.0.0.1 at 2013-01-30 15:10:04 +0100
Served asset /man_grey.png - 304 Not Modified (0ms)


Started GET "/assets/Logo.png" for 127.0.0.1 at 2013-01-30 15:10:04 +0100
Served asset /Logo.png - 304 Not Modified (0ms)
  [1m[36m (0.1ms)[0m  [1mSELECT "schema_migrations"."version" FROM "schema_migrations" [0m
  [1m[35m (0.2ms)[0m  select sqlite_version(*)
  [1m[36m (20.7ms)[0m  [1mCREATE TABLE "active_admin_comments" ("id" INTEGER PRIMARY KEY AUTOINCREMENT NOT NULL, "resource_id" varchar(255) NOT NULL, "resource_type" varchar(255) NOT NULL, "author_id" integer, "author_type" varchar(255), "body" text, "created_at" datetime NOT NULL, "updated_at" datetime NOT NULL, "namespace" varchar(255)) [0m
  [1m[35m (0.0ms)[0m  PRAGMA index_list("active_admin_comments")
  [1m[36m (4.6ms)[0m  [1mCREATE INDEX "index_active_admin_comments_on_author_type_and_author_id" ON "active_admin_comments" ("author_type", "author_id")[0m
  [1m[35m (0.0ms)[0m  PRAGMA index_list("active_admin_comments")
  [1m[36m (0.0ms)[0m  [1mPRAGMA index_info('index_active_admin_comments_on_author_type_and_author_id')[0m
  [1m[35m (3.9ms)[0m  CREATE INDEX "index_active_admin_comments_on_namespace" ON "active_admin_comments" ("namespace")
  [1m[36m (0.1ms)[0m  [1mPRAGMA index_list("active_admin_comments")[0m
  [1m[35m (0.0ms)[0m  PRAGMA index_info('index_active_admin_comments_on_namespace')
  [1m[36m (0.0ms)[0m  [1mPRAGMA index_info('index_active_admin_comments_on_author_type_and_author_id')[0m
  [1m[35m (3.9ms)[0m  CREATE INDEX "index_admin_notes_on_resource_type_and_resource_id" ON "active_admin_comments" ("resource_type", "resource_id")
  [1m[36m (5.7ms)[0m  [1mCREATE TABLE "admin_users" ("id" INTEGER PRIMARY KEY AUTOINCREMENT NOT NULL, "email" varchar(255) DEFAULT '' NOT NULL, "encrypted_password" varchar(255) DEFAULT '' NOT NULL, "reset_password_token" varchar(255), "reset_password_sent_at" datetime, "remember_created_at" datetime, "sign_in_count" integer DEFAULT 0, "current_sign_in_at" datetime, "last_sign_in_at" datetime, "current_sign_in_ip" varchar(255), "last_sign_in_ip" varchar(255), "created_at" datetime NOT NULL, "updated_at" datetime NOT NULL) [0m
  [1m[35m (0.0ms)[0m  PRAGMA index_list("admin_users")
  [1m[36m (4.6ms)[0m  [1mCREATE UNIQUE INDEX "index_admin_users_on_email" ON "admin_users" ("email")[0m
  [1m[35m (0.1ms)[0m  PRAGMA index_list("admin_users")
  [1m[36m (0.0ms)[0m  [1mPRAGMA index_info('index_admin_users_on_email')[0m
  [1m[35m (4.0ms)[0m  CREATE UNIQUE INDEX "index_admin_users_on_reset_password_token" ON "admin_users" ("reset_password_token")
  [1m[36m (15.0ms)[0m  [1mCREATE TABLE "answer_possibilities" ("id" INTEGER PRIMARY KEY AUTOINCREMENT NOT NULL, "value" varchar(255), "poll_id" integer, "created_at" datetime NOT NULL, "updated_at" datetime NOT NULL) [0m
  [1m[35m (4.8ms)[0m  CREATE TABLE "answers" ("id" INTEGER PRIMARY KEY AUTOINCREMENT NOT NULL, "browser" varchar(255), "os" varchar(255), "ip" varchar(255), "answer_possibility_id" integer, "value" varchar(255), "created_at" datetime NOT NULL, "updated_at" datetime NOT NULL, "poll_id" integer, "guid" varchar(255), "comment_id" integer) 
  [1m[36m (4.2ms)[0m  [1mCREATE TABLE "categories" ("id" INTEGER PRIMARY KEY AUTOINCREMENT NOT NULL, "name" varchar(255), "created_at" datetime NOT NULL, "updated_at" datetime NOT NULL) [0m
  [1m[35m (4.6ms)[0m  CREATE TABLE "comments" ("id" INTEGER PRIMARY KEY AUTOINCREMENT NOT NULL, "text" text, "created_at" datetime NOT NULL, "updated_at" datetime NOT NULL, "poll_id" integer) 
  [1m[36m (4.7ms)[0m  [1mCREATE TABLE "creators" ("id" INTEGER PRIMARY KEY AUTOINCREMENT NOT NULL, "email" varchar(255) DEFAULT '' NOT NULL, "encrypted_password" varchar(255) DEFAULT '' NOT NULL, "reset_password_token" varchar(255), "reset_password_sent_at" datetime, "remember_created_at" datetime, "sign_in_count" integer DEFAULT 0, "current_sign_in_at" datetime, "last_sign_in_at" datetime, "current_sign_in_ip" varchar(255), "last_sign_in_ip" varchar(255), "created_at" datetime NOT NULL, "updated_at" datetime NOT NULL, "firstname" varchar(255), "lastname" varchar(255)) [0m
  [1m[35m (0.0ms)[0m  PRAGMA index_list("creators")
  [1m[36m (4.6ms)[0m  [1mCREATE UNIQUE INDEX "index_creators_on_email" ON "creators" ("email")[0m
  [1m[35m (0.1ms)[0m  PRAGMA index_list("creators")
  [1m[36m (0.0ms)[0m  [1mPRAGMA index_info('index_creators_on_email')[0m
  [1m[35m (5.3ms)[0m  CREATE UNIQUE INDEX "index_creators_on_reset_password_token" ON "creators" ("reset_password_token")
  [1m[36m (3.8ms)[0m  [1mCREATE TABLE "poll_creations" ("id" INTEGER PRIMARY KEY AUTOINCREMENT NOT NULL, "poll_type_id" integer, "category_id" integer, "title" varchar(255), "question" varchar(255), "exp_date" date, "chart_type" varchar(255), "created_at" datetime NOT NULL, "updated_at" datetime NOT NULL) [0m
  [1m[35m (3.9ms)[0m  CREATE TABLE "poll_types" ("id" INTEGER PRIMARY KEY AUTOINCREMENT NOT NULL, "name" varchar(255), "created_at" datetime NOT NULL, "updated_at" datetime NOT NULL) 
  [1m[36m (5.2ms)[0m  [1mCREATE TABLE "polls" ("id" INTEGER PRIMARY KEY AUTOINCREMENT NOT NULL, "title" varchar(255), "question" varchar(255), "exp_date" date, "creator_id" integer, "poll_type_id" integer, "created_at" datetime NOT NULL, "updated_at" datetime NOT NULL, "category_id" integer, "chart_type" varchar(255), "start_date" date, "shorturl" varchar(255), "slug" varchar(255)) [0m
  [1m[35m (3.7ms)[0m  CREATE TABLE "schema_migrations" ("version" varchar(255) NOT NULL) 
  [1m[36m (0.0ms)[0m  [1mPRAGMA index_list("schema_migrations")[0m
  [1m[35m (3.7ms)[0m  CREATE UNIQUE INDEX "unique_schema_migrations" ON "schema_migrations" ("version")
  [1m[36m (0.1ms)[0m  [1mSELECT version FROM "schema_migrations"[0m
  [1m[35m (3.6ms)[0m  INSERT INTO "schema_migrations" (version) VALUES ('2012271084411122')
  [1m[36m (4.3ms)[0m  [1mINSERT INTO "schema_migrations" (version) VALUES ('2012261014125555')[0m
  [1m[35m (4.1ms)[0m  INSERT INTO "schema_migrations" (version) VALUES ('2012271084411117')
  [1m[36m (4.3ms)[0m  [1mINSERT INTO "schema_migrations" (version) VALUES ('2012261014072222')[0m
  [1m[35m (4.3ms)[0m  INSERT INTO "schema_migrations" (version) VALUES ('2012271084411116')
  [1m[36m (4.8ms)[0m  [1mINSERT INTO "schema_migrations" (version) VALUES ('2012261014125558')[0m
  [1m[35m (3.7ms)[0m  INSERT INTO "schema_migrations" (version) VALUES ('2012271084411111')
  [1m[36m (3.7ms)[0m  [1mINSERT INTO "schema_migrations" (version) VALUES ('2012271084411121')[0m
  [1m[35m (3.7ms)[0m  INSERT INTO "schema_migrations" (version) VALUES ('2012261014093333')
  [1m[36m (3.7ms)[0m  [1mINSERT INTO "schema_migrations" (version) VALUES ('2012261014125557')[0m
  [1m[35m (4.2ms)[0m  INSERT INTO "schema_migrations" (version) VALUES ('20130123222510')
  [1m[36m (3.7ms)[0m  [1mINSERT INTO "schema_migrations" (version) VALUES ('2012271084411115')[0m
  [1m[35m (3.7ms)[0m  INSERT INTO "schema_migrations" (version) VALUES ('2012261014125559')
  [1m[36m (3.8ms)[0m  [1mINSERT INTO "schema_migrations" (version) VALUES ('2012271084411119')[0m
  [1m[35m (3.7ms)[0m  INSERT INTO "schema_migrations" (version) VALUES ('2012261014041111')
  [1m[36m (4.2ms)[0m  [1mINSERT INTO "schema_migrations" (version) VALUES ('2012271084411118')[0m
  [1m[35m (3.7ms)[0m  INSERT INTO "schema_migrations" (version) VALUES ('2012261014125556')
  [1m[36m (3.7ms)[0m  [1mINSERT INTO "schema_migrations" (version) VALUES ('2012271084411112')[0m
  [1m[35m (4.2ms)[0m  INSERT INTO "schema_migrations" (version) VALUES ('2012271084411114')
  [1m[36m (3.7ms)[0m  [1mINSERT INTO "schema_migrations" (version) VALUES ('2012271084411120')[0m
  [1m[35m (3.6ms)[0m  INSERT INTO "schema_migrations" (version) VALUES ('20130108101701')
  [1m[36m (3.6ms)[0m  [1mINSERT INTO "schema_migrations" (version) VALUES ('2012271014125559')[0m
  [1m[35m (4.3ms)[0m  INSERT INTO "schema_migrations" (version) VALUES ('2012261014114444')


Started GET "/admin/poll_types" for 127.0.0.1 at 2013-01-30 19:27:25 +0100
Processing by Admin::PollTypesController#index as HTML
  [1m[36mAdminUser Load (0.1ms)[0m  [1mSELECT "admin_users".* FROM "admin_users" WHERE "admin_users"."id" = 1 LIMIT 1[0m
Compiled active_admin.css  (5762ms)  (pid 10702)
Compiled active_admin/print.css  (670ms)  (pid 10702)
  [1m[35m (103.4ms)[0m  SELECT COUNT(count_column) FROM (SELECT 1 AS count_column FROM "poll_types" LIMIT 30 OFFSET 0) subquery_for_count 
  [1m[36m (0.1ms)[0m  [1mSELECT COUNT(*) FROM "poll_types" [0m
  [1m[35mCACHE (0.0ms)[0m  SELECT COUNT(count_column) FROM (SELECT 1 AS count_column FROM "poll_types" LIMIT 30 OFFSET 0) subquery_for_count 
  [1m[36mPollType Load (0.2ms)[0m  [1mSELECT "poll_types".* FROM "poll_types" ORDER BY "poll_types"."id" desc LIMIT 30 OFFSET 0[0m
  Rendered /home/user/.rvm/gems/ruby-1.9.3-p374/gems/activeadmin-0.5.0/app/views/active_admin/resource/index.html.arb (7173.6ms)
Completed 500 Internal Server Error in 7367ms

ActionView::Template::Error (undefined local variable or method `default_action' for                   <div class="index_as_table"></div>
:ActiveAdmin::Views::IndexAsTable):
    1: insert_tag renderer_for(:index)
  app/admin/poll_types.rb:6:in `block (3 levels) in <top (required)>'
  app/admin/poll_types.rb:5:in `block (2 levels) in <top (required)>'


  Rendered /home/user/.rvm/gems/ruby-1.9.3-p374/gems/actionpack-3.2.3/lib/action_dispatch/middleware/templates/rescues/_trace.erb (5.9ms)
  Rendered /home/user/.rvm/gems/ruby-1.9.3-p374/gems/actionpack-3.2.3/lib/action_dispatch/middleware/templates/rescues/_request_and_response.erb (1.2ms)
  Rendered /home/user/.rvm/gems/ruby-1.9.3-p374/gems/actionpack-3.2.3/lib/action_dispatch/middleware/templates/rescues/template_error.erb within rescues/layout (18.2ms)


Started GET "/admin/poll_types" for 127.0.0.1 at 2013-01-30 19:28:44 +0100
Processing by Admin::PollTypesController#index as HTML
  [1m[35mAdminUser Load (0.2ms)[0m  SELECT "admin_users".* FROM "admin_users" WHERE "admin_users"."id" = 1 LIMIT 1
  [1m[36m (0.2ms)[0m  [1mSELECT COUNT(count_column) FROM (SELECT 1 AS count_column FROM "poll_types" LIMIT 30 OFFSET 0) subquery_for_count [0m
  [1m[35m (0.1ms)[0m  SELECT COUNT(*) FROM "poll_types" 
  [1m[36mCACHE (0.0ms)[0m  [1mSELECT COUNT(count_column) FROM (SELECT 1 AS count_column FROM "poll_types" LIMIT 30 OFFSET 0) subquery_for_count [0m
  [1m[35mPollType Load (0.1ms)[0m  SELECT "poll_types".* FROM "poll_types" ORDER BY "poll_types"."id" desc LIMIT 30 OFFSET 0
  Rendered /home/user/.rvm/gems/ruby-1.9.3-p374/gems/activeadmin-0.5.0/app/views/active_admin/resource/index.html.arb (53.2ms)
Completed 500 Internal Server Error in 158ms

ActionView::Template::Error (undefined local variable or method `default_action' for                   <div class="index_as_table"></div>
:ActiveAdmin::Views::IndexAsTable):
    1: insert_tag renderer_for(:index)
  app/admin/poll_types.rb:6:in `block (3 levels) in <top (required)>'
  app/admin/poll_types.rb:5:in `block (2 levels) in <top (required)>'


  Rendered /home/user/.rvm/gems/ruby-1.9.3-p374/gems/actionpack-3.2.3/lib/action_dispatch/middleware/templates/rescues/_trace.erb (5.4ms)
  Rendered /home/user/.rvm/gems/ruby-1.9.3-p374/gems/actionpack-3.2.3/lib/action_dispatch/middleware/templates/rescues/_request_and_response.erb (1.0ms)
  Rendered /home/user/.rvm/gems/ruby-1.9.3-p374/gems/actionpack-3.2.3/lib/action_dispatch/middleware/templates/rescues/template_error.erb within rescues/layout (16.0ms)


Started GET "/admin/poll_types" for 127.0.0.1 at 2013-01-30 19:29:08 +0100
Processing by Admin::PollTypesController#index as HTML
  [1m[36mAdminUser Load (0.2ms)[0m  [1mSELECT "admin_users".* FROM "admin_users" WHERE "admin_users"."id" = 1 LIMIT 1[0m
  [1m[35m (0.2ms)[0m  SELECT COUNT(count_column) FROM (SELECT 1 AS count_column FROM "poll_types" LIMIT 30 OFFSET 0) subquery_for_count 
  [1m[36m (0.1ms)[0m  [1mSELECT COUNT(*) FROM "poll_types" [0m
  [1m[35mCACHE (0.0ms)[0m  SELECT COUNT(count_column) FROM (SELECT 1 AS count_column FROM "poll_types" LIMIT 30 OFFSET 0) subquery_for_count 
  [1m[36mPollType Load (0.1ms)[0m  [1mSELECT "poll_types".* FROM "poll_types" ORDER BY "poll_types"."id" desc LIMIT 30 OFFSET 0[0m
  Rendered /home/user/.rvm/gems/ruby-1.9.3-p374/gems/activeadmin-0.5.0/app/views/active_admin/resource/index.html.arb (52.9ms)
Completed 500 Internal Server Error in 158ms

ActionView::Template::Error (undefined local variable or method `default_actions' for                   <div class="index_as_table"></div>
:ActiveAdmin::Views::IndexAsTable):
    1: insert_tag renderer_for(:index)
  app/admin/poll_types.rb:6:in `block (3 levels) in <top (required)>'
  app/admin/poll_types.rb:5:in `block (2 levels) in <top (required)>'


  Rendered /home/user/.rvm/gems/ruby-1.9.3-p374/gems/actionpack-3.2.3/lib/action_dispatch/middleware/templates/rescues/_trace.erb (5.5ms)
  Rendered /home/user/.rvm/gems/ruby-1.9.3-p374/gems/actionpack-3.2.3/lib/action_dispatch/middleware/templates/rescues/_request_and_response.erb (1.0ms)
  Rendered /home/user/.rvm/gems/ruby-1.9.3-p374/gems/actionpack-3.2.3/lib/action_dispatch/middleware/templates/rescues/template_error.erb within rescues/layout (13.7ms)


Started GET "/admin/poll_types" for 127.0.0.1 at 2013-01-30 19:29:43 +0100
Processing by Admin::PollTypesController#index as HTML
  [1m[35mAdminUser Load (0.2ms)[0m  SELECT "admin_users".* FROM "admin_users" WHERE "admin_users"."id" = 1 LIMIT 1
  [1m[36m (0.2ms)[0m  [1mSELECT COUNT(count_column) FROM (SELECT 1 AS count_column FROM "poll_types" LIMIT 30 OFFSET 0) subquery_for_count [0m
  [1m[35m (0.1ms)[0m  SELECT COUNT(*) FROM "poll_types" 
  [1m[36mCACHE (0.0ms)[0m  [1mSELECT COUNT(count_column) FROM (SELECT 1 AS count_column FROM "poll_types" LIMIT 30 OFFSET 0) subquery_for_count [0m
  [1m[35mPollType Load (0.1ms)[0m  SELECT "poll_types".* FROM "poll_types" ORDER BY "poll_types"."id" desc LIMIT 30 OFFSET 0
  Rendered /home/user/.rvm/gems/ruby-1.9.3-p374/gems/activeadmin-0.5.0/app/views/active_admin/resource/index.html.arb (440.1ms)
Completed 200 OK in 493ms (Views: 442.8ms | ActiveRecord: 0.9ms)


Started GET "/assets/active_admin.css?body=1" for 127.0.0.1 at 2013-01-30 19:29:44 +0100
Served asset /active_admin.css - 304 Not Modified (94ms)


Started GET "/assets/active_admin.js" for 127.0.0.1 at 2013-01-30 19:29:44 +0100
Compiled jquery-ui.js  (6ms)  (pid 10702)
Compiled active_admin/lib/namespace.js  (168ms)  (pid 10702)
Compiled active_admin/components/jquery.aa.checkbox-toggler.js  (140ms)  (pid 10702)
Compiled active_admin/components/jquery.aa.dropdown-menu.js  (146ms)  (pid 10702)
Compiled active_admin/components/jquery.aa.popover.js  (297ms)  (pid 10702)
Compiled active_admin/components/jquery.aa.table-checkbox-toggler.js  (377ms)  (pid 10702)
Compiled active_admin/pages/application.js  (334ms)  (pid 10702)
Compiled active_admin/pages/batch_actions.js  (365ms)  (pid 10702)
Compiled active_admin/application.js  (1938ms)  (pid 10702)
Compiled active_admin/base.js  (2197ms)  (pid 10702)
Compiled active_admin.js  (2208ms)  (pid 10702)
Served asset /active_admin.js - 304 Not Modified (2309ms)


Started GET "/assets/active_admin/print.css?body=1" for 127.0.0.1 at 2013-01-30 19:29:47 +0100
Served asset /active_admin/print.css - 304 Not Modified (144ms)


Started GET "/assets/active_admin/orderable.png" for 127.0.0.1 at 2013-01-30 19:29:47 +0100
Served asset /active_admin/orderable.png - 304 Not Modified (17ms)


Started GET "/assets/active_admin/datepicker/datepicker-input-icon.png" for 127.0.0.1 at 2013-01-30 19:29:47 +0100
Served asset /active_admin/datepicker/datepicker-input-icon.png - 304 Not Modified (96ms)
